✔ Simulator initialized
CSV: /pfs/data6/home/ul/ul_progcom/ul_kfo10/blockchain-sim-tse-2026/trilemma/org.palladiosimulator.blockchainsystems.trilemma/optimized_deterministic_lhs_configurations.csv
testmodels/: /pfs/data6/home/ul/ul_progcom/ul_kfo10/blockchain-sim-tse-2026/trilemma/org.palladiosimulator.blockchainsystems.trilemma/testmodels
Base config: /pfs/data6/home/ul/ul_progcom/ul_kfo10/blockchain-sim-tse-2026/trilemma/org.palladiosimulator.blockchainsystems.trilemma/testmodels/configuration.json

▶ Run 1 | config_id=1
   Using model: /pfs/data6/home/ul/ul_progcom/ul_kfo10/blockchain-sim-tse-2026/trilemma/org.palladiosimulator.blockchainsystems.trilemma/testmodels/threesim-1/Net.blockchainsystem
   Monte-Carlo rounds = 1000
simulation started with 1000 round(s)
simulation stopped because there is no attacker
Selfish mining attack Montecarlo Simulation result: {"attackerWonRounds":0,"systemWonRounds":0,"unambiguousRounds":1000,"roundResults":[]}
✔ Result saved: /pfs/data6/home/ul/ul_progcom/ul_kfo10/blockchain-sim-tse-2026/trilemma/result_selfishmining/result_run_1.json

▶ Run 2 | config_id=2
   Using model: /pfs/data6/home/ul/ul_progcom/ul_kfo10/blockchain-sim-tse-2026/trilemma/org.palladiosimulator.blockchainsystems.trilemma/testmodels/threesim-2/Net.blockchainsystem
   Monte-Carlo rounds = 1000
simulation started with 1000 round(s)

============================= JOB FEEDBACK =============================

NodeName=uc3n033
Job ID: 4737443
Cluster: uc3
User/Group: ul_kfo10/ul_progcom
State: OUT_OF_MEMORY (exit code 0)
Nodes: 1
Cores per node: 20
CPU Utilized: 05:44:10
CPU Efficiency: 80.10% of 07:09:40 core-walltime
Job Wall-clock time: 00:21:29
Memory Utilized: 249.47 GB
Memory Efficiency: 99.79% of 250.00 GB (250.00 GB/node)
