✔ Simulator initialized
CSV: /pfs/data6/home/ul/ul_progcom/ul_kfo10/blockchain-sim-tse-2026/trilemma/org.palladiosimulator.blockchainsystems.trilemma/optimized_deterministic_lhs_configurations.csv
testmodels/: /pfs/data6/home/ul/ul_progcom/ul_kfo10/blockchain-sim-tse-2026/trilemma/org.palladiosimulator.blockchainsystems.trilemma/testmodels
Base config: /pfs/data6/home/ul/ul_progcom/ul_kfo10/blockchain-sim-tse-2026/trilemma/org.palladiosimulator.blockchainsystems.trilemma/testmodels/configuration.json

▶ Run 1 | config_id=1
   Using model: /pfs/data6/home/ul/ul_progcom/ul_kfo10/blockchain-sim-tse-2026/trilemma/org.palladiosimulator.blockchainsystems.trilemma/testmodels/threesim-1/Net.blockchainsystem
   Monte-Carlo rounds = 1000
simulation started with 1000 round(s)
Selfish mining attack Montecarlo Simulation result: {"attackerWonRounds":0,"systemWonRounds":1,"unambiguousRounds":999}
✔ Result saved: /pfs/data6/home/ul/ul_progcom/ul_kfo10/blockchain-sim-tse-2026/trilemma/result_selfishmining/result_run_1.json

▶ Run 2 | config_id=2
   Using model: /pfs/data6/home/ul/ul_progcom/ul_kfo10/blockchain-sim-tse-2026/trilemma/org.palladiosimulator.blockchainsystems.trilemma/testmodels/threesim-2/Net.blockchainsystem
   Monte-Carlo rounds = 1000
simulation started with 1000 round(s)
Selfish mining attack Montecarlo Simulation result: {"attackerWonRounds":2,"systemWonRounds":37,"unambiguousRounds":961}
✔ Result saved: /pfs/data6/home/ul/ul_progcom/ul_kfo10/blockchain-sim-tse-2026/trilemma/result_selfishmining/result_run_2.json

▶ Run 3 | config_id=3
   Using model: /pfs/data6/home/ul/ul_progcom/ul_kfo10/blockchain-sim-tse-2026/trilemma/org.palladiosimulator.blockchainsystems.trilemma/testmodels/threesim-3/Net.blockchainsystem
   Monte-Carlo rounds = 1000
simulation started with 1000 round(s)
Selfish mining attack Montecarlo Simulation result: {"attackerWonRounds":0,"systemWonRounds":0,"unambiguousRounds":1000}
✔ Result saved: /pfs/data6/home/ul/ul_progcom/ul_kfo10/blockchain-sim-tse-2026/trilemma/result_selfishmining/result_run_3.json

▶ Run 4 | config_id=4
   Using model: /pfs/data6/home/ul/ul_progcom/ul_kfo10/blockchain-sim-tse-2026/trilemma/org.palladiosimulator.blockchainsystems.trilemma/testmodels/threesim-4/Net.blockchainsystem
   Monte-Carlo rounds = 1000
simulation started with 1000 round(s)
Selfish mining attack Montecarlo Simulation result: {"attackerWonRounds":0,"systemWonRounds":1,"unambiguousRounds":999}
✔ Result saved: /pfs/data6/home/ul/ul_progcom/ul_kfo10/blockchain-sim-tse-2026/trilemma/result_selfishmining/result_run_4.json

▶ Run 5 | config_id=5
   Using model: /pfs/data6/home/ul/ul_progcom/ul_kfo10/blockchain-sim-tse-2026/trilemma/org.palladiosimulator.blockchainsystems.trilemma/testmodels/threesim-5/Net.blockchainsystem
   Monte-Carlo rounds = 1000
simulation started with 1000 round(s)
Selfish mining attack Montecarlo Simulation result: {"attackerWonRounds":0,"systemWonRounds":2,"unambiguousRounds":998}
✔ Result saved: /pfs/data6/home/ul/ul_progcom/ul_kfo10/blockchain-sim-tse-2026/trilemma/result_selfishmining/result_run_5.json

▶ Run 6 | config_id=6
   Using model: /pfs/data6/home/ul/ul_progcom/ul_kfo10/blockchain-sim-tse-2026/trilemma/org.palladiosimulator.blockchainsystems.trilemma/testmodels/threesim-6/Net.blockchainsystem
   Monte-Carlo rounds = 1000
simulation started with 1000 round(s)
Selfish mining attack Montecarlo Simulation result: {"attackerWonRounds":0,"systemWonRounds":8,"unambiguousRounds":992}
✔ Result saved: /pfs/data6/home/ul/ul_progcom/ul_kfo10/blockchain-sim-tse-2026/trilemma/result_selfishmining/result_run_6.json

▶ Run 7 | config_id=7
   Using model: /pfs/data6/home/ul/ul_progcom/ul_kfo10/blockchain-sim-tse-2026/trilemma/org.palladiosimulator.blockchainsystems.trilemma/testmodels/threesim-7/Net.blockchainsystem
   Monte-Carlo rounds = 1000
simulation started with 1000 round(s)
Selfish mining attack Montecarlo Simulation result: {"attackerWonRounds":0,"systemWonRounds":0,"unambiguousRounds":1000}
✔ Result saved: /pfs/data6/home/ul/ul_progcom/ul_kfo10/blockchain-sim-tse-2026/trilemma/result_selfishmining/result_run_7.json

▶ Run 8 | config_id=8
   Using model: /pfs/data6/home/ul/ul_progcom/ul_kfo10/blockchain-sim-tse-2026/trilemma/org.palladiosimulator.blockchainsystems.trilemma/testmodels/threesim-8/Net.blockchainsystem
   Monte-Carlo rounds = 1000
simulation started with 1000 round(s)
Selfish mining attack Montecarlo Simulation result: {"attackerWonRounds":1,"systemWonRounds":10,"unambiguousRounds":989}
✔ Result saved: /pfs/data6/home/ul/ul_progcom/ul_kfo10/blockchain-sim-tse-2026/trilemma/result_selfishmining/result_run_8.json

▶ Run 9 | config_id=9
   Using model: /pfs/data6/home/ul/ul_progcom/ul_kfo10/blockchain-sim-tse-2026/trilemma/org.palladiosimulator.blockchainsystems.trilemma/testmodels/threesim-9/Net.blockchainsystem
   Monte-Carlo rounds = 1000
simulation started with 1000 round(s)
Selfish mining attack Montecarlo Simulation result: {"attackerWonRounds":0,"systemWonRounds":1,"unambiguousRounds":999}
✔ Result saved: /pfs/data6/home/ul/ul_progcom/ul_kfo10/blockchain-sim-tse-2026/trilemma/result_selfishmining/result_run_9.json

▶ Run 10 | config_id=10
   Using model: /pfs/data6/home/ul/ul_progcom/ul_kfo10/blockchain-sim-tse-2026/trilemma/org.palladiosimulator.blockchainsystems.trilemma/testmodels/threesim-10/Net.blockchainsystem
   Monte-Carlo rounds = 1000
simulation started with 1000 round(s)
Selfish mining attack Montecarlo Simulation result: {"attackerWonRounds":0,"systemWonRounds":1,"unambiguousRounds":999}
✔ Result saved: /pfs/data6/home/ul/ul_progcom/ul_kfo10/blockchain-sim-tse-2026/trilemma/result_selfishmining/result_run_10.json

▶ Run 11 | config_id=11
   Using model: /pfs/data6/home/ul/ul_progcom/ul_kfo10/blockchain-sim-tse-2026/trilemma/org.palladiosimulator.blockchainsystems.trilemma/testmodels/threesim-11/Net.blockchainsystem
   Monte-Carlo rounds = 1000
simulation started with 1000 round(s)
Selfish mining attack Montecarlo Simulation result: {"attackerWonRounds":1,"systemWonRounds":44,"unambiguousRounds":955}
✔ Result saved: /pfs/data6/home/ul/ul_progcom/ul_kfo10/blockchain-sim-tse-2026/trilemma/result_selfishmining/result_run_11.json

▶ Run 12 | config_id=12
   Using model: /pfs/data6/home/ul/ul_progcom/ul_kfo10/blockchain-sim-tse-2026/trilemma/org.palladiosimulator.blockchainsystems.trilemma/testmodels/threesim-12/Net.blockchainsystem
   Monte-Carlo rounds = 1000
simulation started with 1000 round(s)
Selfish mining attack Montecarlo Simulation result: {"attackerWonRounds":0,"systemWonRounds":62,"unambiguousRounds":938}
✔ Result saved: /pfs/data6/home/ul/ul_progcom/ul_kfo10/blockchain-sim-tse-2026/trilemma/result_selfishmining/result_run_12.json

▶ Run 13 | config_id=13
   Using model: /pfs/data6/home/ul/ul_progcom/ul_kfo10/blockchain-sim-tse-2026/trilemma/org.palladiosimulator.blockchainsystems.trilemma/testmodels/threesim-13/Net.blockchainsystem
   Monte-Carlo rounds = 1000
simulation started with 1000 round(s)
Selfish mining attack Montecarlo Simulation result: {"attackerWonRounds":0,"systemWonRounds":1,"unambiguousRounds":999}
✔ Result saved: /pfs/data6/home/ul/ul_progcom/ul_kfo10/blockchain-sim-tse-2026/trilemma/result_selfishmining/result_run_13.json

▶ Run 14 | config_id=14
   Using model: /pfs/data6/home/ul/ul_progcom/ul_kfo10/blockchain-sim-tse-2026/trilemma/org.palladiosimulator.blockchainsystems.trilemma/testmodels/threesim-14/Net.blockchainsystem
   Monte-Carlo rounds = 1000
simulation started with 1000 round(s)
Selfish mining attack Montecarlo Simulation result: {"attackerWonRounds":0,"systemWonRounds":1,"unambiguousRounds":999}
✔ Result saved: /pfs/data6/home/ul/ul_progcom/ul_kfo10/blockchain-sim-tse-2026/trilemma/result_selfishmining/result_run_14.json

▶ Run 15 | config_id=15
   Using model: /pfs/data6/home/ul/ul_progcom/ul_kfo10/blockchain-sim-tse-2026/trilemma/org.palladiosimulator.blockchainsystems.trilemma/testmodels/threesim-15/Net.blockchainsystem
   Monte-Carlo rounds = 1000
simulation started with 1000 round(s)
Selfish mining attack Montecarlo Simulation result: {"attackerWonRounds":0,"systemWonRounds":119,"unambiguousRounds":881}
✔ Result saved: /pfs/data6/home/ul/ul_progcom/ul_kfo10/blockchain-sim-tse-2026/trilemma/result_selfishmining/result_run_15.json

▶ Run 16 | config_id=16
   Using model: /pfs/data6/home/ul/ul_progcom/ul_kfo10/blockchain-sim-tse-2026/trilemma/org.palladiosimulator.blockchainsystems.trilemma/testmodels/threesim-16/Net.blockchainsystem
   Monte-Carlo rounds = 1000
simulation started with 1000 round(s)
Selfish mining attack Montecarlo Simulation result: {"attackerWonRounds":0,"systemWonRounds":0,"unambiguousRounds":1000}
✔ Result saved: /pfs/data6/home/ul/ul_progcom/ul_kfo10/blockchain-sim-tse-2026/trilemma/result_selfishmining/result_run_16.json

▶ Run 17 | config_id=17
   Using model: /pfs/data6/home/ul/ul_progcom/ul_kfo10/blockchain-sim-tse-2026/trilemma/org.palladiosimulator.blockchainsystems.trilemma/testmodels/threesim-17/Net.blockchainsystem
   Monte-Carlo rounds = 1000
simulation started with 1000 round(s)
Selfish mining attack Montecarlo Simulation result: {"attackerWonRounds":0,"systemWonRounds":40,"unambiguousRounds":960}
✔ Result saved: /pfs/data6/home/ul/ul_progcom/ul_kfo10/blockchain-sim-tse-2026/trilemma/result_selfishmining/result_run_17.json

▶ Run 18 | config_id=18
   Using model: /pfs/data6/home/ul/ul_progcom/ul_kfo10/blockchain-sim-tse-2026/trilemma/org.palladiosimulator.blockchainsystems.trilemma/testmodels/threesim-18/Net.blockchainsystem
   Monte-Carlo rounds = 1000
simulation started with 1000 round(s)
Selfish mining attack Montecarlo Simulation result: {"attackerWonRounds":0,"systemWonRounds":2,"unambiguousRounds":998}
✔ Result saved: /pfs/data6/home/ul/ul_progcom/ul_kfo10/blockchain-sim-tse-2026/trilemma/result_selfishmining/result_run_18.json

▶ Run 19 | config_id=19
   Using model: /pfs/data6/home/ul/ul_progcom/ul_kfo10/blockchain-sim-tse-2026/trilemma/org.palladiosimulator.blockchainsystems.trilemma/testmodels/threesim-19/Net.blockchainsystem
   Monte-Carlo rounds = 1000
simulation started with 1000 round(s)
Selfish mining attack Montecarlo Simulation result: {"attackerWonRounds":0,"systemWonRounds":0,"unambiguousRounds":1000}
✔ Result saved: /pfs/data6/home/ul/ul_progcom/ul_kfo10/blockchain-sim-tse-2026/trilemma/result_selfishmining/result_run_19.json

▶ Run 20 | config_id=20
   Using model: /pfs/data6/home/ul/ul_progcom/ul_kfo10/blockchain-sim-tse-2026/trilemma/org.palladiosimulator.blockchainsystems.trilemma/testmodels/threesim-20/Net.blockchainsystem
   Monte-Carlo rounds = 1000
simulation started with 1000 round(s)
Selfish mining attack Montecarlo Simulation result: {"attackerWonRounds":0,"systemWonRounds":0,"unambiguousRounds":1000}
✔ Result saved: /pfs/data6/home/ul/ul_progcom/ul_kfo10/blockchain-sim-tse-2026/trilemma/result_selfishmining/result_run_20.json

▶ Run 21 | config_id=21
   Using model: /pfs/data6/home/ul/ul_progcom/ul_kfo10/blockchain-sim-tse-2026/trilemma/org.palladiosimulator.blockchainsystems.trilemma/testmodels/threesim-21/Net.blockchainsystem
   Monte-Carlo rounds = 1000
simulation started with 1000 round(s)
Selfish mining attack Montecarlo Simulation result: {"attackerWonRounds":0,"systemWonRounds":0,"unambiguousRounds":1000}
✔ Result saved: /pfs/data6/home/ul/ul_progcom/ul_kfo10/blockchain-sim-tse-2026/trilemma/result_selfishmining/result_run_21.json

▶ Run 22 | config_id=22
   Using model: /pfs/data6/home/ul/ul_progcom/ul_kfo10/blockchain-sim-tse-2026/trilemma/org.palladiosimulator.blockchainsystems.trilemma/testmodels/threesim-22/Net.blockchainsystem
   Monte-Carlo rounds = 1000
simulation started with 1000 round(s)
Selfish mining attack Montecarlo Simulation result: {"attackerWonRounds":0,"systemWonRounds":14,"unambiguousRounds":986}
✔ Result saved: /pfs/data6/home/ul/ul_progcom/ul_kfo10/blockchain-sim-tse-2026/trilemma/result_selfishmining/result_run_22.json

▶ Run 23 | config_id=23
   Using model: /pfs/data6/home/ul/ul_progcom/ul_kfo10/blockchain-sim-tse-2026/trilemma/org.palladiosimulator.blockchainsystems.trilemma/testmodels/threesim-23/Net.blockchainsystem
   Monte-Carlo rounds = 1000
simulation started with 1000 round(s)
Selfish mining attack Montecarlo Simulation result: {"attackerWonRounds":0,"systemWonRounds":2,"unambiguousRounds":998}
✔ Result saved: /pfs/data6/home/ul/ul_progcom/ul_kfo10/blockchain-sim-tse-2026/trilemma/result_selfishmining/result_run_23.json

▶ Run 24 | config_id=24
   Using model: /pfs/data6/home/ul/ul_progcom/ul_kfo10/blockchain-sim-tse-2026/trilemma/org.palladiosimulator.blockchainsystems.trilemma/testmodels/threesim-24/Net.blockchainsystem
   Monte-Carlo rounds = 1000
simulation started with 1000 round(s)
Selfish mining attack Montecarlo Simulation result: {"attackerWonRounds":0,"systemWonRounds":9,"unambiguousRounds":991}
✔ Result saved: /pfs/data6/home/ul/ul_progcom/ul_kfo10/blockchain-sim-tse-2026/trilemma/result_selfishmining/result_run_24.json

▶ Run 25 | config_id=25
   Using model: /pfs/data6/home/ul/ul_progcom/ul_kfo10/blockchain-sim-tse-2026/trilemma/org.palladiosimulator.blockchainsystems.trilemma/testmodels/threesim-25/Net.blockchainsystem
   Monte-Carlo rounds = 1000
simulation started with 1000 round(s)
Selfish mining attack Montecarlo Simulation result: {"attackerWonRounds":0,"systemWonRounds":1,"unambiguousRounds":999}
✔ Result saved: /pfs/data6/home/ul/ul_progcom/ul_kfo10/blockchain-sim-tse-2026/trilemma/result_selfishmining/result_run_25.json

▶ Run 26 | config_id=26
   Using model: /pfs/data6/home/ul/ul_progcom/ul_kfo10/blockchain-sim-tse-2026/trilemma/org.palladiosimulator.blockchainsystems.trilemma/testmodels/threesim-26/Net.blockchainsystem
   Monte-Carlo rounds = 1000
simulation started with 1000 round(s)
Selfish mining attack Montecarlo Simulation result: {"attackerWonRounds":0,"systemWonRounds":1,"unambiguousRounds":999}
✔ Result saved: /pfs/data6/home/ul/ul_progcom/ul_kfo10/blockchain-sim-tse-2026/trilemma/result_selfishmining/result_run_26.json

▶ Run 27 | config_id=27
   Using model: /pfs/data6/home/ul/ul_progcom/ul_kfo10/blockchain-sim-tse-2026/trilemma/org.palladiosimulator.blockchainsystems.trilemma/testmodels/threesim-27/Net.blockchainsystem
   Monte-Carlo rounds = 1000
simulation started with 1000 round(s)
Selfish mining attack Montecarlo Simulation result: {"attackerWonRounds":0,"systemWonRounds":1,"unambiguousRounds":999}
✔ Result saved: /pfs/data6/home/ul/ul_progcom/ul_kfo10/blockchain-sim-tse-2026/trilemma/result_selfishmining/result_run_27.json

▶ Run 28 | config_id=28
   Using model: /pfs/data6/home/ul/ul_progcom/ul_kfo10/blockchain-sim-tse-2026/trilemma/org.palladiosimulator.blockchainsystems.trilemma/testmodels/threesim-28/Net.blockchainsystem
   Monte-Carlo rounds = 1000
simulation started with 1000 round(s)
Selfish mining attack Montecarlo Simulation result: {"attackerWonRounds":0,"systemWonRounds":2,"unambiguousRounds":998}
✔ Result saved: /pfs/data6/home/ul/ul_progcom/ul_kfo10/blockchain-sim-tse-2026/trilemma/result_selfishmining/result_run_28.json

▶ Run 29 | config_id=29
   Using model: /pfs/data6/home/ul/ul_progcom/ul_kfo10/blockchain-sim-tse-2026/trilemma/org.palladiosimulator.blockchainsystems.trilemma/testmodels/threesim-29/Net.blockchainsystem
   Monte-Carlo rounds = 1000
simulation started with 1000 round(s)
Selfish mining attack Montecarlo Simulation result: {"attackerWonRounds":0,"systemWonRounds":9,"unambiguousRounds":991}
✔ Result saved: /pfs/data6/home/ul/ul_progcom/ul_kfo10/blockchain-sim-tse-2026/trilemma/result_selfishmining/result_run_29.json

▶ Run 30 | config_id=30
   Using model: /pfs/data6/home/ul/ul_progcom/ul_kfo10/blockchain-sim-tse-2026/trilemma/org.palladiosimulator.blockchainsystems.trilemma/testmodels/threesim-30/Net.blockchainsystem
   Monte-Carlo rounds = 1000
simulation started with 1000 round(s)
Selfish mining attack Montecarlo Simulation result: {"attackerWonRounds":0,"systemWonRounds":8,"unambiguousRounds":992}
✔ Result saved: /pfs/data6/home/ul/ul_progcom/ul_kfo10/blockchain-sim-tse-2026/trilemma/result_selfishmining/result_run_30.json

▶ Run 31 | config_id=31
   Using model: /pfs/data6/home/ul/ul_progcom/ul_kfo10/blockchain-sim-tse-2026/trilemma/org.palladiosimulator.blockchainsystems.trilemma/testmodels/threesim-31/Net.blockchainsystem
   Monte-Carlo rounds = 1000
simulation started with 1000 round(s)
Selfish mining attack Montecarlo Simulation result: {"attackerWonRounds":0,"systemWonRounds":0,"unambiguousRounds":1000}
✔ Result saved: /pfs/data6/home/ul/ul_progcom/ul_kfo10/blockchain-sim-tse-2026/trilemma/result_selfishmining/result_run_31.json

▶ Run 32 | config_id=32
   Using model: /pfs/data6/home/ul/ul_progcom/ul_kfo10/blockchain-sim-tse-2026/trilemma/org.palladiosimulator.blockchainsystems.trilemma/testmodels/threesim-32/Net.blockchainsystem
   Monte-Carlo rounds = 1000
simulation started with 1000 round(s)
Selfish mining attack Montecarlo Simulation result: {"attackerWonRounds":0,"systemWonRounds":11,"unambiguousRounds":989}
✔ Result saved: /pfs/data6/home/ul/ul_progcom/ul_kfo10/blockchain-sim-tse-2026/trilemma/result_selfishmining/result_run_32.json

▶ Run 33 | config_id=33
   Using model: /pfs/data6/home/ul/ul_progcom/ul_kfo10/blockchain-sim-tse-2026/trilemma/org.palladiosimulator.blockchainsystems.trilemma/testmodels/threesim-33/Net.blockchainsystem
   Monte-Carlo rounds = 1000
simulation started with 1000 round(s)
Selfish mining attack Montecarlo Simulation result: {"attackerWonRounds":0,"systemWonRounds":2,"unambiguousRounds":998}
✔ Result saved: /pfs/data6/home/ul/ul_progcom/ul_kfo10/blockchain-sim-tse-2026/trilemma/result_selfishmining/result_run_33.json

▶ Run 34 | config_id=34
   Using model: /pfs/data6/home/ul/ul_progcom/ul_kfo10/blockchain-sim-tse-2026/trilemma/org.palladiosimulator.blockchainsystems.trilemma/testmodels/threesim-34/Net.blockchainsystem
   Monte-Carlo rounds = 1000
simulation started with 1000 round(s)
Selfish mining attack Montecarlo Simulation result: {"attackerWonRounds":0,"systemWonRounds":41,"unambiguousRounds":959}
✔ Result saved: /pfs/data6/home/ul/ul_progcom/ul_kfo10/blockchain-sim-tse-2026/trilemma/result_selfishmining/result_run_34.json

▶ Run 35 | config_id=35
   Using model: /pfs/data6/home/ul/ul_progcom/ul_kfo10/blockchain-sim-tse-2026/trilemma/org.palladiosimulator.blockchainsystems.trilemma/testmodels/threesim-35/Net.blockchainsystem
   Monte-Carlo rounds = 1000
simulation started with 1000 round(s)
Selfish mining attack Montecarlo Simulation result: {"attackerWonRounds":0,"systemWonRounds":2,"unambiguousRounds":998}
✔ Result saved: /pfs/data6/home/ul/ul_progcom/ul_kfo10/blockchain-sim-tse-2026/trilemma/result_selfishmining/result_run_35.json

▶ Run 36 | config_id=36
   Using model: /pfs/data6/home/ul/ul_progcom/ul_kfo10/blockchain-sim-tse-2026/trilemma/org.palladiosimulator.blockchainsystems.trilemma/testmodels/threesim-36/Net.blockchainsystem
   Monte-Carlo rounds = 1000
simulation started with 1000 round(s)
Selfish mining attack Montecarlo Simulation result: {"attackerWonRounds":0,"systemWonRounds":0,"unambiguousRounds":1000}
✔ Result saved: /pfs/data6/home/ul/ul_progcom/ul_kfo10/blockchain-sim-tse-2026/trilemma/result_selfishmining/result_run_36.json

▶ Run 37 | config_id=37
   Using model: /pfs/data6/home/ul/ul_progcom/ul_kfo10/blockchain-sim-tse-2026/trilemma/org.palladiosimulator.blockchainsystems.trilemma/testmodels/threesim-37/Net.blockchainsystem
   Monte-Carlo rounds = 1000
simulation started with 1000 round(s)
Selfish mining attack Montecarlo Simulation result: {"attackerWonRounds":1,"systemWonRounds":0,"unambiguousRounds":999}
✔ Result saved: /pfs/data6/home/ul/ul_progcom/ul_kfo10/blockchain-sim-tse-2026/trilemma/result_selfishmining/result_run_37.json

▶ Run 38 | config_id=38
   Using model: /pfs/data6/home/ul/ul_progcom/ul_kfo10/blockchain-sim-tse-2026/trilemma/org.palladiosimulator.blockchainsystems.trilemma/testmodels/threesim-38/Net.blockchainsystem
   Monte-Carlo rounds = 1000
simulation started with 1000 round(s)
Selfish mining attack Montecarlo Simulation result: {"attackerWonRounds":0,"systemWonRounds":1,"unambiguousRounds":999}
✔ Result saved: /pfs/data6/home/ul/ul_progcom/ul_kfo10/blockchain-sim-tse-2026/trilemma/result_selfishmining/result_run_38.json

▶ Run 39 | config_id=39
   Using model: /pfs/data6/home/ul/ul_progcom/ul_kfo10/blockchain-sim-tse-2026/trilemma/org.palladiosimulator.blockchainsystems.trilemma/testmodels/threesim-39/Net.blockchainsystem
   Monte-Carlo rounds = 1000
simulation started with 1000 round(s)
Selfish mining attack Montecarlo Simulation result: {"attackerWonRounds":0,"systemWonRounds":2,"unambiguousRounds":998}
✔ Result saved: /pfs/data6/home/ul/ul_progcom/ul_kfo10/blockchain-sim-tse-2026/trilemma/result_selfishmining/result_run_39.json

▶ Run 40 | config_id=40
   Using model: /pfs/data6/home/ul/ul_progcom/ul_kfo10/blockchain-sim-tse-2026/trilemma/org.palladiosimulator.blockchainsystems.trilemma/testmodels/threesim-40/Net.blockchainsystem
   Monte-Carlo rounds = 1000
simulation started with 1000 round(s)
Selfish mining attack Montecarlo Simulation result: {"attackerWonRounds":1,"systemWonRounds":17,"unambiguousRounds":982}
✔ Result saved: /pfs/data6/home/ul/ul_progcom/ul_kfo10/blockchain-sim-tse-2026/trilemma/result_selfishmining/result_run_40.json

▶ Run 41 | config_id=41
   Using model: /pfs/data6/home/ul/ul_progcom/ul_kfo10/blockchain-sim-tse-2026/trilemma/org.palladiosimulator.blockchainsystems.trilemma/testmodels/threesim-41/Net.blockchainsystem
   Monte-Carlo rounds = 1000
simulation started with 1000 round(s)
Selfish mining attack Montecarlo Simulation result: {"attackerWonRounds":0,"systemWonRounds":11,"unambiguousRounds":989}
✔ Result saved: /pfs/data6/home/ul/ul_progcom/ul_kfo10/blockchain-sim-tse-2026/trilemma/result_selfishmining/result_run_41.json

▶ Run 42 | config_id=42
   Using model: /pfs/data6/home/ul/ul_progcom/ul_kfo10/blockchain-sim-tse-2026/trilemma/org.palladiosimulator.blockchainsystems.trilemma/testmodels/threesim-42/Net.blockchainsystem
   Monte-Carlo rounds = 1000
simulation started with 1000 round(s)
Selfish mining attack Montecarlo Simulation result: {"attackerWonRounds":0,"systemWonRounds":9,"unambiguousRounds":991}
✔ Result saved: /pfs/data6/home/ul/ul_progcom/ul_kfo10/blockchain-sim-tse-2026/trilemma/result_selfishmining/result_run_42.json

▶ Run 43 | config_id=43
   Using model: /pfs/data6/home/ul/ul_progcom/ul_kfo10/blockchain-sim-tse-2026/trilemma/org.palladiosimulator.blockchainsystems.trilemma/testmodels/threesim-43/Net.blockchainsystem
   Monte-Carlo rounds = 1000
simulation started with 1000 round(s)
Selfish mining attack Montecarlo Simulation result: {"attackerWonRounds":2,"systemWonRounds":81,"unambiguousRounds":917}
✔ Result saved: /pfs/data6/home/ul/ul_progcom/ul_kfo10/blockchain-sim-tse-2026/trilemma/result_selfishmining/result_run_43.json

▶ Run 44 | config_id=44
   Using model: /pfs/data6/home/ul/ul_progcom/ul_kfo10/blockchain-sim-tse-2026/trilemma/org.palladiosimulator.blockchainsystems.trilemma/testmodels/threesim-44/Net.blockchainsystem
   Monte-Carlo rounds = 1000
simulation started with 1000 round(s)
Selfish mining attack Montecarlo Simulation result: {"attackerWonRounds":1,"systemWonRounds":42,"unambiguousRounds":957}
✔ Result saved: /pfs/data6/home/ul/ul_progcom/ul_kfo10/blockchain-sim-tse-2026/trilemma/result_selfishmining/result_run_44.json

▶ Run 45 | config_id=45
   Using model: /pfs/data6/home/ul/ul_progcom/ul_kfo10/blockchain-sim-tse-2026/trilemma/org.palladiosimulator.blockchainsystems.trilemma/testmodels/threesim-45/Net.blockchainsystem
   Monte-Carlo rounds = 1000
simulation started with 1000 round(s)
Selfish mining attack Montecarlo Simulation result: {"attackerWonRounds":0,"systemWonRounds":3,"unambiguousRounds":997}
✔ Result saved: /pfs/data6/home/ul/ul_progcom/ul_kfo10/blockchain-sim-tse-2026/trilemma/result_selfishmining/result_run_45.json

▶ Run 46 | config_id=46
   Using model: /pfs/data6/home/ul/ul_progcom/ul_kfo10/blockchain-sim-tse-2026/trilemma/org.palladiosimulator.blockchainsystems.trilemma/testmodels/threesim-46/Net.blockchainsystem
   Monte-Carlo rounds = 1000
simulation started with 1000 round(s)
Selfish mining attack Montecarlo Simulation result: {"attackerWonRounds":0,"systemWonRounds":6,"unambiguousRounds":994}
✔ Result saved: /pfs/data6/home/ul/ul_progcom/ul_kfo10/blockchain-sim-tse-2026/trilemma/result_selfishmining/result_run_46.json

▶ Run 47 | config_id=47
   Using model: /pfs/data6/home/ul/ul_progcom/ul_kfo10/blockchain-sim-tse-2026/trilemma/org.palladiosimulator.blockchainsystems.trilemma/testmodels/threesim-47/Net.blockchainsystem
   Monte-Carlo rounds = 1000
simulation started with 1000 round(s)
Selfish mining attack Montecarlo Simulation result: {"attackerWonRounds":0,"systemWonRounds":10,"unambiguousRounds":990}
✔ Result saved: /pfs/data6/home/ul/ul_progcom/ul_kfo10/blockchain-sim-tse-2026/trilemma/result_selfishmining/result_run_47.json

▶ Run 48 | config_id=48
   Using model: /pfs/data6/home/ul/ul_progcom/ul_kfo10/blockchain-sim-tse-2026/trilemma/org.palladiosimulator.blockchainsystems.trilemma/testmodels/threesim-48/Net.blockchainsystem
   Monte-Carlo rounds = 1000
simulation started with 1000 round(s)

============================= JOB FEEDBACK =============================

NodeName=uc3n055
Job ID: 4106493
Cluster: uc3
User/Group: ul_kfo10/ul_progcom
State: COMPLETED (exit code 0)
Nodes: 1
Cores per node: 20
CPU Utilized: 12:04:00
CPU Efficiency: 25.36% of 1-23:35:20 core-walltime
Job Wall-clock time: 02:22:46
Memory Utilized: 59.76 GB
Memory Efficiency: 47.81% of 125.00 GB (125.00 GB/node)
