log4j:WARN No appenders could be found for logger (org.palladiosimulator.blockchainsystems.trilemma.BlockchainTrilemmaStandalone).
log4j:WARN Please initialize the log4j system properly.
log4j:WARN See http://logging.apache.org/log4j/1.2/faq.html#noconfig for more info.
❌ Batch execution failed
java.lang.NullPointerException
	at java.base/jdk.internal.reflect.NativeConstructorAccessorImpl.newInstance0(Native Method)
	at java.base/jdk.internal.reflect.NativeConstructorAccessorImpl.newInstance(NativeConstructorAccessorImpl.java:77)
	at java.base/jdk.internal.reflect.DelegatingConstructorAccessorImpl.newInstance(DelegatingConstructorAccessorImpl.java:45)
	at java.base/java.lang.reflect.Constructor.newInstanceWithCaller(Constructor.java:500)
	at java.base/java.lang.reflect.Constructor.newInstance(Constructor.java:481)
	at java.base/java.util.concurrent.ForkJoinTask.getThrowableException(ForkJoinTask.java:564)
	at java.base/java.util.concurrent.ForkJoinTask.reportException(ForkJoinTask.java:591)
	at java.base/java.util.concurrent.ForkJoinTask.invoke(ForkJoinTask.java:689)
	at java.base/java.util.stream.ReduceOps$ReduceOp.evaluateParallel(ReduceOps.java:927)
	at java.base/java.util.stream.AbstractPipeline.evaluate(AbstractPipeline.java:233)
	at java.base/java.util.stream.ReferencePipeline.collect(ReferencePipeline.java:682)
	at org.palladiosimulator.blockchainsystems.doublespending.simulation.MonteCarloDoubleSpendingAttackSimulation.run(MonteCarloDoubleSpendingAttackSimulation.java:48)
	at org.palladiosimulator.blockchainsystems.trilemma.attack.SelfishMiningSimulationFactory.run(SelfishMiningSimulationFactory.java:70)
	at org.palladiosimulator.blockchainsystems.trilemma.attack.BlockchainTrilemmaAttackStandalone.runSimulation(BlockchainTrilemmaAttackStandalone.java:73)
	at org.palladiosimulator.blockchainsystems.trilemma.attack.SelfishminingSimulator.main(SelfishminingSimulator.java:107)
Caused by: java.lang.NullPointerException: Parameter specified as non-null is null: method org.palladiosimulator.blockchainsystems.core.blockchain.BlockchainImpl.getPositionOfBlock, parameter block
	at org.palladiosimulator.blockchainsystems.core.blockchain.BlockchainImpl.getPositionOfBlock(BlockchainImpl.kt)
	at org.palladiosimulator.blockchainsystems.doublespending.behavior.WaitForBlockDistributionPhase.initialize(WaitForBlockDistributionPhase.java:27)
	at org.palladiosimulator.blockchainsystems.doublespending.behavior.MaliciousBlockchainSystemNodeBehavior.goToNextPhase(MaliciousBlockchainSystemNodeBehavior.java:73)
	at org.palladiosimulator.blockchainsystems.doublespending.behavior.MaliciousBlockchainSystemNodeBehavior.onBlockMined(MaliciousBlockchainSystemNodeBehavior.java:40)
	at org.palladiosimulator.blockchainsystems.core.system.BlockchainSystemNode.onInitialize$lambda$3(BlockchainSystemNode.kt:87)
	at org.palladiosimulator.blockchainsystems.core.mining.MiningProcessImpl.notifyBlockMined(MiningProcessImpl.kt:78)
	at org.palladiosimulator.blockchainsystems.core.mining.MiningProcessImpl.dispatchEvent(MiningProcessImpl.kt:46)
	at org.palladiosimulator.blockchainsystems.core.eventcoordination.EventCoordinatorImpl.dispatchEvent(EventCoordinatorImpl.kt:113)
	at org.palladiosimulator.blockchainsystems.core.eventcoordination.EventCoordinatorImpl.processCurrentSlice(EventCoordinatorImpl.kt:62)
	at org.palladiosimulator.blockchainsystems.core.eventcoordination.EventCoordinatorImpl.processEvents(EventCoordinatorImpl.kt:19)
	at org.palladiosimulator.blockchainsystems.doublespending.simulation.DoubleSpendingAttackSimulationRound.run(DoubleSpendingAttackSimulationRound.java:61)
	at org.palladiosimulator.blockchainsystems.doublespending.simulation.MonteCarloDoubleSpendingAttackSimulation.performSimulationRun(MonteCarloDoubleSpendingAttackSimulation.java:69)
	at org.palladiosimulator.blockchainsystems.doublespending.simulation.MonteCarloDoubleSpendingAttackSimulation.lambda$1(MonteCarloDoubleSpendingAttackSimulation.java:46)
	at java.base/java.util.stream.ReferencePipeline$3$1.accept(ReferencePipeline.java:197)
	at java.base/java.util.Spliterators$ArraySpliterator.forEachRemaining(Spliterators.java:992)
	at java.base/java.util.stream.AbstractPipeline.copyInto(AbstractPipeline.java:509)
	at java.base/java.util.stream.AbstractPipeline.wrapAndCopyInto(AbstractPipeline.java:499)
	at java.base/java.util.stream.ReduceOps$ReduceTask.doLeaf(ReduceOps.java:960)
	at java.base/java.util.stream.ReduceOps$ReduceTask.doLeaf(ReduceOps.java:934)
	at java.base/java.util.stream.AbstractTask.compute(AbstractTask.java:327)
	at java.base/java.util.concurrent.CountedCompleter.exec(CountedCompleter.java:754)
	at java.base/java.util.concurrent.ForkJoinTask.doExec(ForkJoinTask.java:373)
	at java.base/java.util.concurrent.ForkJoinPool$WorkQueue.topLevelExec(ForkJoinPool.java:1182)
	at java.base/java.util.concurrent.ForkJoinPool.scan(ForkJoinPool.java:1655)
	at java.base/java.util.concurrent.ForkJoinPool.runWorker(ForkJoinPool.java:1622)
	at java.base/java.util.concurrent.ForkJoinWorkerThread.run(ForkJoinWorkerThread.java:165)
